Process ID: [2126820] | Arguments:
    all_files: True
    file: Bio-Medical
    model: alpaca-7b
    temperature: 1
    top_p: 1
    early_stopping: False
    do_sample: False
    num_beams: 1
    top_k: 50
    data_dir: ./rlhf_data/alpaca-7b/
    save_dir: ./filtered_data/alpaca-7b/
    hallu_prompt_path: ./prompt/rlhf_hallu.txt
Process ID: [2126820] | Loading data from ./rlhf_data/alpaca-7b/Bio-Medical.json | Total 1335
Process ID: [2126820] | Loading exist data from ./filtered_data/alpaca-7b/Bio-Medical.json | Total 1333
[407, 3666]

  0%|                                                                         | 0/2 [00:00<?, ?it/s]Process ID: [2126820] | Model: alpaca-7b | File: Bio-Medical | Saving 1333 items to ./filtered_data/alpaca-7b/Bio-Medical.json
Error: 'temperature'
Retrying...
Error: 'temperature'
Retrying...
Error: 'temperature'
Retrying...
Error: 'temperature'
Retrying...
