Process ID: [2126822] | Arguments:
    all_files: True
    file: Bio-Medical
    model: vicuna-13b
    temperature: 1
    top_p: 1
    early_stopping: False
    do_sample: False
    num_beams: 1
    top_k: 50
    data_dir: ./rlhf_data/vicuna-13b/
    save_dir: ./filtered_data/vicuna-13b/
    hallu_prompt_path: ./prompt/rlhf_hallu.txt
Process ID: [2126822] | Loading data from ./rlhf_data/vicuna-13b/Bio-Medical.json | Total 1335
Process ID: [2126822] | Loading exist data from ./filtered_data/vicuna-13b/Bio-Medical.json | Total 1316
[11, 54, 339, 357, 647, 871, 939, 1356, 1371, 1387, 1593, 1693, 1923, 1963, 1999, 2052, 2401, 3228, 3601]
  0%|                                                                        | 0/19 [00:00<?, ?it/s]Process ID: [2126822] | Model: vicuna-13b | File: Bio-Medical | Saving 1316 items to ./filtered_data/vicuna-13b/Bio-Medical.json
Error: 'temperature'
Retrying...
Error: 'temperature'
Retrying...
Error: 'temperature'
Retrying...
Error: 'temperature'
Retrying...
Error: 'temperature'
Retrying...
